<?xml version="1.0" encoding="UTF-8"?>
<!-- Generated by org.testng.reporters.JUnitReportReporter -->
<testsuite hostname="Abhinav" failures="0" tests="1" name="TestClasses.VerifyUserCanLogin" time="4.190" errors="0" timestamp="2022-07-21T17:18:24 IST" skipped="0">
  <testcase classname="TestClasses.VerifyUserCanLogin" name="verifyUserCanLogin" time="4.190"/>
  <system-out/>
</testsuite> <!-- TestClasses.VerifyUserCanLogin -->
